0:0:0:0:0:0:0:1 - - [25/May/2018:09:39:55 +0200] "GET /personne HTTP/1.1" 401 161
0:0:0:0:0:0:0:1 - - [25/May/2018:09:48:57 +0200] "GET /personne HTTP/1.1" 401 161
0:0:0:0:0:0:0:1 - - [25/May/2018:09:53:02 +0200] "GET /personne HTTP/1.1" 401 161
0:0:0:0:0:0:0:1 - - [25/May/2018:09:54:52 +0200] "GET /personne/1 HTTP/1.1" 401 345
0:0:0:0:0:0:0:1 - - [25/May/2018:09:57:58 +0200] "GET /personne/1 HTTP/1.1" 404 91
0:0:0:0:0:0:0:1 - - [25/May/2018:09:57:58 +0200] "GET /favicon.ico HTTP/1.1" 200 946
0:0:0:0:0:0:0:1 - - [25/May/2018:09:58:08 +0200] "GET /personne/1 HTTP/1.1" 404 91
0:0:0:0:0:0:0:1 - - [25/May/2018:09:58:08 +0200] "GET /favicon.ico HTTP/1.1" 200 946
0:0:0:0:0:0:0:1 - - [25/May/2018:09:58:12 +0200] "GET /personne HTTP/1.1" 200 12
0:0:0:0:0:0:0:1 - - [25/May/2018:10:02:58 +0200] "GET /personne HTTP/1.1" 200 174
0:0:0:0:0:0:0:1 - - [25/May/2018:10:04:03 +0200] "GET /personne HTTP/1.1" 200 174
0:0:0:0:0:0:0:1 - - [25/May/2018:10:04:30 +0200] "GET /personne HTTP/1.1" 200 174
0:0:0:0:0:0:0:1 - - [25/May/2018:10:05:28 +0200] "GET /personne HTTP/1.1" 200 174
0:0:0:0:0:0:0:1 - - [25/May/2018:10:05:30 +0200] "GET /personne HTTP/1.1" 200 174
0:0:0:0:0:0:0:1 - - [25/May/2018:10:06:58 +0200] "GET /personne HTTP/1.1" 200 174
0:0:0:0:0:0:0:1 - - [25/May/2018:10:07:06 +0200] "GET /personne HTTP/1.1" 200 174
0:0:0:0:0:0:0:1 - - [25/May/2018:10:17:02 +0200] "GET /personne HTTP/1.1" 200 174
0:0:0:0:0:0:0:1 - - [25/May/2018:10:17:05 +0200] "GET /personne HTTP/1.1" 200 174
0:0:0:0:0:0:0:1 - - [25/May/2018:10:17:16 +0200] "GET /personne HTTP/1.1" 200 174
0:0:0:0:0:0:0:1 - - [25/May/2018:10:19:57 +0200] "GET /personne HTTP/1.1" 200 174
0:0:0:0:0:0:0:1 - - [25/May/2018:10:19:57 +0200] "GET /favicon.ico HTTP/1.1" 200 946
0:0:0:0:0:0:0:1 - - [25/May/2018:10:25:45 +0200] "GET /personne HTTP/1.1" 200 174
0:0:0:0:0:0:0:1 - - [25/May/2018:10:25:48 +0200] "GET /personne HTTP/1.1" 200 174
0:0:0:0:0:0:0:1 - - [25/May/2018:10:26:17 +0200] "GET /personne HTTP/1.1" 200 174
0:0:0:0:0:0:0:1 - - [25/May/2018:10:26:22 +0200] "GET /personne HTTP/1.1" 200 174
0:0:0:0:0:0:0:1 - - [25/May/2018:10:27:01 +0200] "GET /personne HTTP/1.1" 200 174
0:0:0:0:0:0:0:1 - - [25/May/2018:10:27:57 +0200] "GET /personne HTTP/1.1" 200 174
0:0:0:0:0:0:0:1 - - [25/May/2018:10:28:06 +0200] "GET /personne HTTP/1.1" 200 174
0:0:0:0:0:0:0:1 - - [25/May/2018:10:30:09 +0200] "GET /personne HTTP/1.1" 200 174
0:0:0:0:0:0:0:1 - - [25/May/2018:10:31:21 +0200] "GET /personne HTTP/1.1" 200 174
0:0:0:0:0:0:0:1 - - [25/May/2018:10:53:11 +0200] "GET /personne HTTP/1.1" 200 174
0:0:0:0:0:0:0:1 - - [25/May/2018:10:53:34 +0200] "GET /personne HTTP/1.1" 200 174
0:0:0:0:0:0:0:1 - - [25/May/2018:10:53:51 +0200] "GET /personne HTTP/1.1" 200 174
0:0:0:0:0:0:0:1 - - [25/May/2018:10:58:25 +0200] "GET /personne HTTP/1.1" 200 174
0:0:0:0:0:0:0:1 - - [25/May/2018:10:58:42 +0200] "GET /personne HTTP/1.1" 200 174
0:0:0:0:0:0:0:1 - - [25/May/2018:10:58:45 +0200] "GET /personne HTTP/1.1" 200 174
0:0:0:0:0:0:0:1 - - [25/May/2018:11:05:10 +0200] "GET /personne HTTP/1.1" 200 174
0:0:0:0:0:0:0:1 - - [25/May/2018:11:05:13 +0200] "GET /personne HTTP/1.1" 200 174
0:0:0:0:0:0:0:1 - - [25/May/2018:11:05:18 +0200] "GET /personne HTTP/1.1" 200 174
0:0:0:0:0:0:0:1 - - [25/May/2018:11:05:50 +0200] "GET /personne HTTP/1.1" 200 174
0:0:0:0:0:0:0:1 - - [25/May/2018:11:06:02 +0200] "GET /personne HTTP/1.1" 200 174
0:0:0:0:0:0:0:1 - - [25/May/2018:11:07:53 +0200] "GET /personne HTTP/1.1" 200 174
0:0:0:0:0:0:0:1 - - [25/May/2018:11:10:44 +0200] "GET /personne HTTP/1.1" 200 174
0:0:0:0:0:0:0:1 - - [25/May/2018:11:11:15 +0200] "GET /personne HTTP/1.1" 200 174
0:0:0:0:0:0:0:1 - - [25/May/2018:11:11:46 +0200] "GET /personne HTTP/1.1" 200 174
0:0:0:0:0:0:0:1 - - [25/May/2018:11:13:15 +0200] "GET /personne HTTP/1.1" 200 174
0:0:0:0:0:0:0:1 - - [25/May/2018:11:13:30 +0200] "GET /personne HTTP/1.1" 200 174
0:0:0:0:0:0:0:1 - - [25/May/2018:11:13:44 +0200] "GET /personne HTTP/1.1" 200 174
0:0:0:0:0:0:0:1 - - [25/May/2018:11:13:49 +0200] "GET /personne HTTP/1.1" 200 174
0:0:0:0:0:0:0:1 - - [25/May/2018:11:14:37 +0200] "GET /personne HTTP/1.1" 200 174
0:0:0:0:0:0:0:1 - - [25/May/2018:11:30:54 +0200] "GET /personne HTTP/1.1" 200 174
0:0:0:0:0:0:0:1 - - [25/May/2018:11:30:59 +0200] "GET /personne HTTP/1.1" 200 174
0:0:0:0:0:0:0:1 - - [25/May/2018:11:31:44 +0200] "GET /personne HTTP/1.1" 200 174
0:0:0:0:0:0:0:1 - - [25/May/2018:11:34:56 +0200] "GET /personne HTTP/1.1" 200 174
0:0:0:0:0:0:0:1 - - [25/May/2018:11:35:09 +0200] "GET /personne HTTP/1.1" 200 174
0:0:0:0:0:0:0:1 - - [25/May/2018:11:36:56 +0200] "GET /personne HTTP/1.1" 200 174
0:0:0:0:0:0:0:1 - - [25/May/2018:11:39:47 +0200] "GET /personne HTTP/1.1" 200 174
0:0:0:0:0:0:0:1 - - [25/May/2018:11:41:47 +0200] "GET /personne HTTP/1.1" 200 174
0:0:0:0:0:0:0:1 - - [25/May/2018:11:41:59 +0200] "GET /personne HTTP/1.1" 200 174
0:0:0:0:0:0:0:1 - - [25/May/2018:11:42:02 +0200] "GET /personne HTTP/1.1" 200 174
0:0:0:0:0:0:0:1 - - [25/May/2018:11:42:11 +0200] "GET /personne HTTP/1.1" 200 174
0:0:0:0:0:0:0:1 - - [25/May/2018:11:50:34 +0200] "GET /personne HTTP/1.1" 200 174
0:0:0:0:0:0:0:1 - - [25/May/2018:11:51:06 +0200] "GET /personne HTTP/1.1" 200 174
0:0:0:0:0:0:0:1 - - [25/May/2018:11:51:09 +0200] "GET /personne HTTP/1.1" 200 174
0:0:0:0:0:0:0:1 - - [25/May/2018:11:53:21 +0200] "GET /personne HTTP/1.1" 200 174
0:0:0:0:0:0:0:1 - - [25/May/2018:11:53:49 +0200] "GET /personne HTTP/1.1" 200 174
0:0:0:0:0:0:0:1 - - [25/May/2018:12:01:43 +0200] "GET /personne HTTP/1.1" 200 174
0:0:0:0:0:0:0:1 - - [25/May/2018:12:02:06 +0200] "GET /personne HTTP/1.1" 200 174
0:0:0:0:0:0:0:1 - - [25/May/2018:12:02:18 +0200] "GET /personne HTTP/1.1" 200 174
0:0:0:0:0:0:0:1 - - [25/May/2018:12:02:26 +0200] "GET /personne HTTP/1.1" 200 174
0:0:0:0:0:0:0:1 - - [25/May/2018:12:02:38 +0200] "GET /personne HTTP/1.1" 200 174
0:0:0:0:0:0:0:1 - - [25/May/2018:12:02:41 +0200] "GET /personne HTTP/1.1" 200 174
0:0:0:0:0:0:0:1 - - [25/May/2018:12:03:15 +0200] "GET /personne HTTP/1.1" 200 174
0:0:0:0:0:0:0:1 - - [25/May/2018:13:17:50 +0200] "GET /personne HTTP/1.1" 200 174
0:0:0:0:0:0:0:1 - - [25/May/2018:13:43:50 +0200] "GET /personne HTTP/1.1" 200 174
0:0:0:0:0:0:0:1 - - [25/May/2018:13:44:09 +0200] "GET /personne HTTP/1.1" 200 174
0:0:0:0:0:0:0:1 - - [25/May/2018:13:44:46 +0200] "GET /personne HTTP/1.1" 200 174
0:0:0:0:0:0:0:1 - - [25/May/2018:13:45:16 +0200] "GET /personne HTTP/1.1" 200 174
0:0:0:0:0:0:0:1 - - [25/May/2018:13:45:17 +0200] "GET /personne HTTP/1.1" 200 174
0:0:0:0:0:0:0:1 - - [25/May/2018:13:46:13 +0200] "GET /personne HTTP/1.1" 200 174
0:0:0:0:0:0:0:1 - - [25/May/2018:13:46:25 +0200] "GET /personne HTTP/1.1" 200 174
0:0:0:0:0:0:0:1 - - [25/May/2018:13:46:51 +0200] "GET /personne HTTP/1.1" 200 174
0:0:0:0:0:0:0:1 - - [25/May/2018:13:47:02 +0200] "GET /personne HTTP/1.1" 200 174
0:0:0:0:0:0:0:1 - - [25/May/2018:13:47:06 +0200] "GET /personne HTTP/1.1" 200 174
0:0:0:0:0:0:0:1 - - [25/May/2018:13:47:41 +0200] "GET /personne HTTP/1.1" 200 174
0:0:0:0:0:0:0:1 - - [25/May/2018:13:48:33 +0200] "GET /personne HTTP/1.1" 200 174
0:0:0:0:0:0:0:1 - - [25/May/2018:13:48:38 +0200] "GET /personne HTTP/1.1" 200 174
0:0:0:0:0:0:0:1 - - [25/May/2018:13:53:53 +0200] "GET /personne HTTP/1.1" 200 174
0:0:0:0:0:0:0:1 - - [25/May/2018:14:08:49 +0200] "GET /personne HTTP/1.1" 200 174
0:0:0:0:0:0:0:1 - - [25/May/2018:14:09:03 +0200] "GET /personne HTTP/1.1" 200 174
0:0:0:0:0:0:0:1 - - [25/May/2018:14:09:46 +0200] "GET /personne HTTP/1.1" 200 174
0:0:0:0:0:0:0:1 - - [25/May/2018:14:11:40 +0200] "GET /personne HTTP/1.1" 200 174
0:0:0:0:0:0:0:1 - - [25/May/2018:14:12:29 +0200] "GET /personne HTTP/1.1" 200 174
0:0:0:0:0:0:0:1 - - [25/May/2018:14:12:52 +0200] "GET /personne HTTP/1.1" 200 174
0:0:0:0:0:0:0:1 - - [25/May/2018:14:12:54 +0200] "GET /personne HTTP/1.1" 200 174
0:0:0:0:0:0:0:1 - - [25/May/2018:14:16:28 +0200] "GET /personne HTTP/1.1" 200 174
0:0:0:0:0:0:0:1 - - [25/May/2018:14:16:33 +0200] "GET /personne HTTP/1.1" 200 174
0:0:0:0:0:0:0:1 - - [25/May/2018:14:17:00 +0200] "GET /personne HTTP/1.1" 200 174
0:0:0:0:0:0:0:1 - - [25/May/2018:14:17:05 +0200] "GET /personne HTTP/1.1" 200 174
0:0:0:0:0:0:0:1 - - [25/May/2018:14:17:27 +0200] "GET /personne HTTP/1.1" 200 174
0:0:0:0:0:0:0:1 - - [25/May/2018:14:17:49 +0200] "GET /personne HTTP/1.1" 200 174
0:0:0:0:0:0:0:1 - - [25/May/2018:14:19:09 +0200] "GET /personne HTTP/1.1" 200 174
0:0:0:0:0:0:0:1 - - [25/May/2018:14:19:12 +0200] "GET /personne HTTP/1.1" 200 174
0:0:0:0:0:0:0:1 - - [25/May/2018:14:21:18 +0200] "GET /personne HTTP/1.1" 200 174
0:0:0:0:0:0:0:1 - - [25/May/2018:14:21:40 +0200] "GET /personne HTTP/1.1" 200 174
0:0:0:0:0:0:0:1 - - [25/May/2018:14:22:21 +0200] "GET /personne HTTP/1.1" 200 174
0:0:0:0:0:0:0:1 - - [25/May/2018:14:22:44 +0200] "GET /personne HTTP/1.1" 200 174
0:0:0:0:0:0:0:1 - - [25/May/2018:14:23:50 +0200] "GET /personne HTTP/1.1" 200 174
0:0:0:0:0:0:0:1 - - [25/May/2018:14:24:27 +0200] "GET /personne HTTP/1.1" 200 174
0:0:0:0:0:0:0:1 - - [25/May/2018:14:24:47 +0200] "GET /personne HTTP/1.1" 200 174
0:0:0:0:0:0:0:1 - - [25/May/2018:14:25:51 +0200] "GET /personne HTTP/1.1" 200 174
0:0:0:0:0:0:0:1 - - [25/May/2018:14:27:08 +0200] "OPTIONS /personne HTTP/1.1" 403 20
0:0:0:0:0:0:0:1 - - [25/May/2018:14:28:40 +0200] "OPTIONS /personne HTTP/1.1" 403 20
0:0:0:0:0:0:0:1 - - [25/May/2018:14:30:34 +0200] "POST /personne HTTP/1.1" 415 242
0:0:0:0:0:0:0:1 - - [25/May/2018:14:32:11 +0200] "POST /personne HTTP/1.1" 500 251
0:0:0:0:0:0:0:1 - - [25/May/2018:14:37:21 +0200] "POST /personne HTTP/1.1" 500 251
0:0:0:0:0:0:0:1 - - [25/May/2018:14:42:03 +0200] "POST /personne HTTP/1.1" 500 251
0:0:0:0:0:0:0:1 - - [25/May/2018:14:42:47 +0200] "GET /personne HTTP/1.1" 200 174
0:0:0:0:0:0:0:1 - - [25/May/2018:14:45:48 +0200] "POST /personne HTTP/1.1" 500 251
0:0:0:0:0:0:0:1 - - [25/May/2018:14:46:11 +0200] "POST /personne HTTP/1.1" 500 251
0:0:0:0:0:0:0:1 - - [25/May/2018:14:51:58 +0200] "POST /personne HTTP/1.1" 500 251
0:0:0:0:0:0:0:1 - - [25/May/2018:15:00:25 +0200] "POST /personne HTTP/1.1" 500 251
0:0:0:0:0:0:0:1 - - [25/May/2018:15:01:20 +0200] "POST /personne HTTP/1.1" 500 481
0:0:0:0:0:0:0:1 - - [25/May/2018:15:01:36 +0200] "OPTIONS /personne HTTP/1.1" 200 -
0:0:0:0:0:0:0:1 - - [25/May/2018:15:01:40 +0200] "POST /personne HTTP/1.1" 500 481
0:0:0:0:0:0:0:1 - - [25/May/2018:15:02:20 +0200] "GET /personne HTTP/1.1" 200 174
0:0:0:0:0:0:0:1 - - [25/May/2018:15:03:12 +0200] "POST /personne HTTP/1.1" 500 481
0:0:0:0:0:0:0:1 - - [25/May/2018:15:12:04 +0200] "OPTIONS /personne HTTP/1.1" 200 -
0:0:0:0:0:0:0:1 - - [25/May/2018:15:12:18 +0200] "POST /personne HTTP/1.1" 500 481
0:0:0:0:0:0:0:1 - - [25/May/2018:15:54:58 +0200] "OPTIONS /personne HTTP/1.1" 200 -
0:0:0:0:0:0:0:1 - - [25/May/2018:15:54:58 +0200] "POST /personne HTTP/1.1" 500 350
0:0:0:0:0:0:0:1 - - [25/May/2018:16:07:24 +0200] "OPTIONS /personne HTTP/1.1" 200 -
0:0:0:0:0:0:0:1 - - [25/May/2018:16:07:24 +0200] "POST /personne HTTP/1.1" 200 13
0:0:0:0:0:0:0:1 - - [25/May/2018:16:08:14 +0200] "POST /personne HTTP/1.1" 200 13
0:0:0:0:0:0:0:1 - - [25/May/2018:16:24:06 +0200] "OPTIONS /personne HTTP/1.1" 200 -
0:0:0:0:0:0:0:1 - - [25/May/2018:16:24:06 +0200] "POST /personne HTTP/1.1" 200 13
0:0:0:0:0:0:0:1 - - [25/May/2018:16:38:35 +0200] "GET /personne HTTP/1.1" 200 431
0:0:0:0:0:0:0:1 - - [25/May/2018:16:39:44 +0200] "GET /personne HTTP/1.1" 200 431
0:0:0:0:0:0:0:1 - - [25/May/2018:16:46:46 +0200] "GET /personne HTTP/1.1" 200 431
0:0:0:0:0:0:0:1 - - [25/May/2018:16:47:29 +0200] "GET /personne HTTP/1.1" 200 431
