0:0:0:0:0:0:0:1 - - [30/May/2018:09:54:31 +0200] "OPTIONS /personne HTTP/1.1" 200 -
0:0:0:0:0:0:0:1 - - [30/May/2018:09:54:31 +0200] "POST /personne HTTP/1.1" 200 13
0:0:0:0:0:0:0:1 - - [30/May/2018:09:54:37 +0200] "POST /personne HTTP/1.1" 200 13
0:0:0:0:0:0:0:1 - - [30/May/2018:09:54:41 +0200] "GET /personne HTTP/1.1" 200 606
0:0:0:0:0:0:0:1 - - [30/May/2018:10:12:42 +0200] "GET /personne HTTP/1.1" 200 606
0:0:0:0:0:0:0:1 - - [30/May/2018:10:14:49 +0200] "GET /personne HTTP/1.1" 200 606
0:0:0:0:0:0:0:1 - - [30/May/2018:10:15:04 +0200] "GET /personne HTTP/1.1" 200 606
0:0:0:0:0:0:0:1 - - [30/May/2018:10:15:07 +0200] "GET /personne HTTP/1.1" 200 606
0:0:0:0:0:0:0:1 - - [30/May/2018:10:15:29 +0200] "GET /personne HTTP/1.1" 200 606
0:0:0:0:0:0:0:1 - - [30/May/2018:10:16:21 +0200] "GET /personne HTTP/1.1" 200 606
0:0:0:0:0:0:0:1 - - [30/May/2018:10:19:05 +0200] "GET /personne HTTP/1.1" 200 606
0:0:0:0:0:0:0:1 - - [30/May/2018:10:19:46 +0200] "GET /personne HTTP/1.1" 200 606
0:0:0:0:0:0:0:1 - - [30/May/2018:10:19:49 +0200] "GET /personne HTTP/1.1" 200 606
0:0:0:0:0:0:0:1 - - [30/May/2018:10:19:52 +0200] "OPTIONS /personne/1 HTTP/1.1" 200 -
0:0:0:0:0:0:0:1 - - [30/May/2018:10:19:52 +0200] "DELETE /personne/1 HTTP/1.1" 415 224
0:0:0:0:0:0:0:1 - - [30/May/2018:10:24:13 +0200] "GET /personne HTTP/1.1" 200 606
0:0:0:0:0:0:0:1 - - [30/May/2018:10:24:15 +0200] "DELETE /personne/1 HTTP/1.1" 415 224
0:0:0:0:0:0:0:1 - - [30/May/2018:10:27:56 +0200] "DELETE /personne/1 HTTP/1.1" 200 -
0:0:0:0:0:0:0:1 - - [30/May/2018:10:28:13 +0200] "GET /personne HTTP/1.1" 200 525
0:0:0:0:0:0:0:1 - - [30/May/2018:10:28:29 +0200] "GET /personne HTTP/1.1" 200 525
0:0:0:0:0:0:0:1 - - [30/May/2018:10:29:01 +0200] "DELETE /personne/201 HTTP/1.1" 200 -
0:0:0:0:0:0:0:1 - - [30/May/2018:10:29:11 +0200] "GET /personne HTTP/1.1" 200 470
0:0:0:0:0:0:0:1 - - [30/May/2018:10:29:12 +0200] "GET /favicon.ico HTTP/1.1" 200 946
0:0:0:0:0:0:0:1 - - [30/May/2018:10:31:04 +0200] "GET /personne HTTP/1.1" 200 470
0:0:0:0:0:0:0:1 - - [30/May/2018:10:31:10 +0200] "OPTIONS /personne/0 HTTP/1.1" 200 -
0:0:0:0:0:0:0:1 - - [30/May/2018:10:31:10 +0200] "DELETE /personne/0 HTTP/1.1" 415 224
0:0:0:0:0:0:0:1 - - [30/May/2018:10:31:13 +0200] "OPTIONS /personne/1 HTTP/1.1" 200 -
0:0:0:0:0:0:0:1 - - [30/May/2018:10:31:13 +0200] "DELETE /personne/1 HTTP/1.1" 415 224
0:0:0:0:0:0:0:1 - - [30/May/2018:10:31:23 +0200] "OPTIONS /personne/5 HTTP/1.1" 200 -
0:0:0:0:0:0:0:1 - - [30/May/2018:10:31:23 +0200] "DELETE /personne/5 HTTP/1.1" 415 224
0:0:0:0:0:0:0:1 - - [30/May/2018:10:31:26 +0200] "GET /personne HTTP/1.1" 200 470
0:0:0:0:0:0:0:1 - - [30/May/2018:10:31:27 +0200] "DELETE /personne/0 HTTP/1.1" 415 224
0:0:0:0:0:0:0:1 - - [30/May/2018:10:38:06 +0200] "GET /personne HTTP/1.1" 200 470
0:0:0:0:0:0:0:1 - - [30/May/2018:10:38:10 +0200] "GET /personne HTTP/1.1" 200 470
0:0:0:0:0:0:0:1 - - [30/May/2018:10:38:11 +0200] "OPTIONS /personne/2 HTTP/1.1" 200 -
0:0:0:0:0:0:0:1 - - [30/May/2018:10:38:11 +0200] "DELETE /personne/2 HTTP/1.1" 415 224
0:0:0:0:0:0:0:1 - - [30/May/2018:10:38:13 +0200] "OPTIONS /personne/200 HTTP/1.1" 200 -
0:0:0:0:0:0:0:1 - - [30/May/2018:10:38:13 +0200] "DELETE /personne/200 HTTP/1.1" 415 226
0:0:0:0:0:0:0:1 - - [30/May/2018:10:40:52 +0200] "GET /personne HTTP/1.1" 200 470
0:0:0:0:0:0:0:1 - - [30/May/2018:10:40:56 +0200] "OPTIONS /personne HTTP/1.1" 200 -
0:0:0:0:0:0:0:1 - - [30/May/2018:10:40:56 +0200] "POST /personne HTTP/1.1" 200 13
0:0:0:0:0:0:0:1 - - [30/May/2018:10:53:56 +0200] "OPTIONS /personne/5 HTTP/1.1" 200 -
0:0:0:0:0:0:0:1 - - [30/May/2018:10:53:56 +0200] "DELETE /personne/5 HTTP/1.1" 415 224
0:0:0:0:0:0:0:1 - - [30/May/2018:10:57:02 +0200] "GET /personne HTTP/1.1" 200 535
0:0:0:0:0:0:0:1 - - [30/May/2018:10:57:26 +0200] "GET /personne HTTP/1.1" 200 535
0:0:0:0:0:0:0:1 - - [30/May/2018:11:01:37 +0200] "GET /personne HTTP/1.1" 200 535
0:0:0:0:0:0:0:1 - - [30/May/2018:11:01:38 +0200] "GET /personne/200 HTTP/1.1" 200 65
0:0:0:0:0:0:0:1 - - [30/May/2018:11:01:43 +0200] "GET /personne HTTP/1.1" 200 535
0:0:0:0:0:0:0:1 - - [30/May/2018:11:01:44 +0200] "GET /personne/5 HTTP/1.1" 200 95
0:0:0:0:0:0:0:1 - - [30/May/2018:11:01:45 +0200] "GET /personne HTTP/1.1" 200 535
0:0:0:0:0:0:0:1 - - [30/May/2018:11:01:46 +0200] "OPTIONS /personne/200 HTTP/1.1" 200 -
0:0:0:0:0:0:0:1 - - [30/May/2018:11:01:46 +0200] "DELETE /personne/200 HTTP/1.1" 415 226
0:0:0:0:0:0:0:1 - - [30/May/2018:11:11:53 +0200] "GET /personne HTTP/1.1" 200 535
0:0:0:0:0:0:0:1 - - [30/May/2018:11:11:54 +0200] "OPTIONS /personne/2 HTTP/1.1" 200 -
0:0:0:0:0:0:0:1 - - [30/May/2018:11:11:54 +0200] "DELETE /personne/2 HTTP/1.1" 200 -
0:0:0:0:0:0:0:1 - - [30/May/2018:11:11:56 +0200] "OPTIONS /personne/200 HTTP/1.1" 200 -
0:0:0:0:0:0:0:1 - - [30/May/2018:11:11:56 +0200] "DELETE /personne/200 HTTP/1.1" 200 -
0:0:0:0:0:0:0:1 - - [30/May/2018:11:12:04 +0200] "OPTIONS /personne/300 HTTP/1.1" 200 -
0:0:0:0:0:0:0:1 - - [30/May/2018:11:12:04 +0200] "DELETE /personne/300 HTTP/1.1" 200 -
0:0:0:0:0:0:0:1 - - [30/May/2018:11:12:05 +0200] "OPTIONS /personne/301 HTTP/1.1" 200 -
0:0:0:0:0:0:0:1 - - [30/May/2018:11:12:06 +0200] "DELETE /personne/301 HTTP/1.1" 200 -
0:0:0:0:0:0:0:1 - - [30/May/2018:11:12:10 +0200] "GET /personne HTTP/1.1" 200 287
0:0:0:0:0:0:0:1 - - [30/May/2018:11:12:18 +0200] "OPTIONS /personne HTTP/1.1" 200 -
0:0:0:0:0:0:0:1 - - [30/May/2018:11:12:18 +0200] "POST /personne HTTP/1.1" 200 13
