0:0:0:0:0:0:0:1 - - [23/May/2018:09:39:36 +0200] "GET / HTTP/1.1" 401 345
0:0:0:0:0:0:0:1 - - [23/May/2018:09:39:48 +0200] "GET / HTTP/1.1" 401 305
0:0:0:0:0:0:0:1 - - [23/May/2018:10:26:22 +0200] "GET / HTTP/1.1" 401 153
0:0:0:0:0:0:0:1 - - [23/May/2018:10:27:18 +0200] "GET / HTTP/1.1" 401 153
0:0:0:0:0:0:0:1 - - [23/May/2018:10:27:50 +0200] "POST / HTTP/1.1" 401 153
0:0:0:0:0:0:0:1 - - [23/May/2018:10:27:59 +0200] "POST /login HTTP/1.1" 401 158
0:0:0:0:0:0:0:1 - - [23/May/2018:10:29:07 +0200] "POST /login HTTP/1.1" 401 158
0:0:0:0:0:0:0:1 - - [23/May/2018:10:37:25 +0200] "GET /personne/1 HTTP/1.1" 401 163
0:0:0:0:0:0:0:1 - - [23/May/2018:10:38:32 +0200] "GET /personne/1 HTTP/1.1" 401 163
0:0:0:0:0:0:0:1 - - [23/May/2018:10:38:48 +0200] "POST /login HTTP/1.1" 401 158
0:0:0:0:0:0:0:1 - - [23/May/2018:11:00:06 +0200] "POST /login HTTP/1.1" 401 158
0:0:0:0:0:0:0:1 - - [23/May/2018:11:13:14 +0200] "POST /login HTTP/1.1" 401 158
0:0:0:0:0:0:0:1 - - [23/May/2018:11:21:04 +0200] "GET / HTTP/1.1" 401 345
0:0:0:0:0:0:0:1 - - [23/May/2018:11:21:19 +0200] "GET / HTTP/1.1" 401 305
0:0:0:0:0:0:0:1 - - [23/May/2018:11:31:49 +0200] "GET / HTTP/1.1" 401 305
0:0:0:0:0:0:0:1 - - [23/May/2018:11:41:41 +0200] "DELETE /logout HTTP/1.1" 302 -
0:0:0:0:0:0:0:1 - - [23/May/2018:11:41:41 +0200] "GET /login?logout HTTP/1.1" 401 158
0:0:0:0:0:0:0:1 - - [23/May/2018:11:44:15 +0200] "GET /personne/1 HTTP/1.1" 401 345
0:0:0:0:0:0:0:1 - - [23/May/2018:11:52:37 +0200] "POST /login HTTP/1.1" 401 158
0:0:0:0:0:0:0:1 - - [23/May/2018:12:00:15 +0200] "POST /login HTTP/1.1" 401 158
0:0:0:0:0:0:0:1 - - [23/May/2018:12:00:25 +0200] "DELETE /logout HTTP/1.1" 302 -
0:0:0:0:0:0:0:1 - - [23/May/2018:12:00:25 +0200] "GET /login?logout HTTP/1.1" 401 158
0:0:0:0:0:0:0:1 - - [23/May/2018:14:18:32 +0200] "POST /login HTTP/1.1" 401 158
0:0:0:0:0:0:0:1 - - [23/May/2018:14:18:48 +0200] "GET /personne/1 HTTP/1.1" 401 163
0:0:0:0:0:0:0:1 - - [23/May/2018:14:32:30 +0200] "GET /personne/1 HTTP/1.1" 401 163
0:0:0:0:0:0:0:1 - - [23/May/2018:14:32:38 +0200] "POST /login HTTP/1.1" 401 158
0:0:0:0:0:0:0:1 - - [23/May/2018:14:37:33 +0200] "POST /login HTTP/1.1" 401 158
0:0:0:0:0:0:0:1 - - [23/May/2018:14:43:44 +0200] "GET / HTTP/1.1" 401 345
0:0:0:0:0:0:0:1 - - [23/May/2018:14:44:01 +0200] "GET / HTTP/1.1" 401 305
0:0:0:0:0:0:0:1 - - [23/May/2018:14:52:37 +0200] "GET / HTTP/1.1" 401 345
0:0:0:0:0:0:0:1 - - [23/May/2018:14:52:55 +0200] "GET / HTTP/1.1" 401 305
0:0:0:0:0:0:0:1 - - [23/May/2018:14:56:41 +0200] "GET / HTTP/1.1" 401 345
0:0:0:0:0:0:0:1 - - [23/May/2018:14:56:44 +0200] "GET / HTTP/1.1" 401 345
0:0:0:0:0:0:0:1 - - [23/May/2018:14:56:47 +0200] "GET /favicon.ico HTTP/1.1" 200 946
0:0:0:0:0:0:0:1 - - [23/May/2018:15:00:42 +0200] "GET / HTTP/1.1" 401 345
0:0:0:0:0:0:0:1 - - [23/May/2018:15:00:46 +0200] "GET /favicon.ico HTTP/1.1" 200 946
0:0:0:0:0:0:0:1 - - [23/May/2018:15:00:50 +0200] "GET /personne HTTP/1.1" 401 345
0:0:0:0:0:0:0:1 - - [23/May/2018:15:07:29 +0200] "GET / HTTP/1.1" 401 345
0:0:0:0:0:0:0:1 - - [23/May/2018:15:10:18 +0200] "GET / HTTP/1.1" 401 345
0:0:0:0:0:0:0:1 - - [23/May/2018:15:15:22 +0200] "GET / HTTP/1.1" 404 307
0:0:0:0:0:0:0:1 - - [23/May/2018:15:15:31 +0200] "GET / HTTP/1.1" 404 307
0:0:0:0:0:0:0:1 - - [23/May/2018:15:15:52 +0200] "GET /personne/1 HTTP/1.1" 200 91
0:0:0:0:0:0:0:1 - - [23/May/2018:15:28:34 +0200] "GET /personne?email=john.doe@mail.fr HTTP/1.1" 200 93
0:0:0:0:0:0:0:1 - - [23/May/2018:16:29:16 +0200] "GET /personne/1 HTTP/1.1" 302 -
0:0:0:0:0:0:0:1 - - [23/May/2018:16:29:16 +0200] "GET /login HTTP/1.1" 404 307
0:0:0:0:0:0:0:1 - - [23/May/2018:16:29:23 +0200] "GET /login HTTP/1.1" 404 307
0:0:0:0:0:0:0:1 - - [23/May/2018:16:29:32 +0200] "GET /personne/1 HTTP/1.1" 302 -
0:0:0:0:0:0:0:1 - - [23/May/2018:16:29:32 +0200] "GET /login HTTP/1.1" 404 307
0:0:0:0:0:0:0:1 - - [23/May/2018:16:32:08 +0200] "GET /login HTTP/1.1" 404 307
0:0:0:0:0:0:0:1 - - [23/May/2018:16:32:08 +0200] "GET /favicon.ico HTTP/1.1" 302 -
0:0:0:0:0:0:0:1 - - [23/May/2018:16:32:08 +0200] "GET /login HTTP/1.1" 404 120
0:0:0:0:0:0:0:1 - - [23/May/2018:16:32:12 +0200] "GET /personne/1 HTTP/1.1" 302 -
0:0:0:0:0:0:0:1 - - [23/May/2018:16:32:12 +0200] "GET /login HTTP/1.1" 404 307
0:0:0:0:0:0:0:1 - - [23/May/2018:16:38:03 +0200] "GET /login HTTP/1.1" 404 307
0:0:0:0:0:0:0:1 - - [23/May/2018:16:38:04 +0200] "GET /login HTTP/1.1" 404 307
0:0:0:0:0:0:0:1 - - [23/May/2018:16:38:05 +0200] "GET /login HTTP/1.1" 404 307
0:0:0:0:0:0:0:1 - - [23/May/2018:16:38:05 +0200] "GET /login HTTP/1.1" 404 307
0:0:0:0:0:0:0:1 - - [23/May/2018:16:38:05 +0200] "GET /login HTTP/1.1" 404 307
0:0:0:0:0:0:0:1 - - [23/May/2018:16:38:05 +0200] "GET /login HTTP/1.1" 404 307
0:0:0:0:0:0:0:1 - - [23/May/2018:16:38:05 +0200] "GET /login HTTP/1.1" 404 307
0:0:0:0:0:0:0:1 - - [23/May/2018:16:38:06 +0200] "GET /login HTTP/1.1" 404 307
0:0:0:0:0:0:0:1 - - [23/May/2018:16:38:06 +0200] "GET /login HTTP/1.1" 404 307
0:0:0:0:0:0:0:1 - - [23/May/2018:16:38:12 +0200] "GET /personne/1 HTTP/1.1" 401 345
0:0:0:0:0:0:0:1 - - [23/May/2018:16:40:10 +0200] "GET /personne/1 HTTP/1.1" 200 218
0:0:0:0:0:0:0:1 - - [23/May/2018:16:40:12 +0200] "GET /personne/1 HTTP/1.1" 200 218
0:0:0:0:0:0:0:1 - - [23/May/2018:16:40:26 +0200] "GET /personne/ HTTP/1.1" 200 220
0:0:0:0:0:0:0:1 - - [23/May/2018:16:41:12 +0200] "GET /login HTTP/1.1" 404 307
0:0:0:0:0:0:0:1 - - [23/May/2018:16:41:12 +0200] "GET /login HTTP/1.1" 404 307
0:0:0:0:0:0:0:1 - - [23/May/2018:16:41:13 +0200] "GET /login HTTP/1.1" 404 307
0:0:0:0:0:0:0:1 - - [23/May/2018:16:41:19 +0200] "GET /personne?email=john.doe@mail.fr HTTP/1.1" 200 220
0:0:0:0:0:0:0:1 - - [23/May/2018:16:41:45 +0200] "GET /personne/1 HTTP/1.1" 200 218
0:0:0:0:0:0:0:1 - - [23/May/2018:16:42:24 +0200] "POST /login HTTP/1.1" 302 -
0:0:0:0:0:0:0:1 - - [23/May/2018:16:42:24 +0200] "GET / HTTP/1.1" 404 115
0:0:0:0:0:0:0:1 - - [23/May/2018:16:43:26 +0200] "GET /personne?email=john.doe@mail.fr HTTP/1.1" 401 345
0:0:0:0:0:0:0:1 - - [23/May/2018:16:43:32 +0200] "GET /login HTTP/1.1" 404 307
0:0:0:0:0:0:0:1 - - [23/May/2018:16:46:04 +0200] "GET /login HTTP/1.1" 404 307
0:0:0:0:0:0:0:1 - - [23/May/2018:16:46:05 +0200] "GET /login HTTP/1.1" 404 307
0:0:0:0:0:0:0:1 - - [23/May/2018:16:46:10 +0200] "GET / HTTP/1.1" 404 307
0:0:0:0:0:0:0:1 - - [23/May/2018:16:46:14 +0200] "GET /personne/1 HTTP/1.1" 200 218
0:0:0:0:0:0:0:1 - - [23/May/2018:16:46:23 +0200] "GET /personne/ HTTP/1.1" 200 220
0:0:0:0:0:0:0:1 - - [23/May/2018:16:46:27 +0200] "GET / HTTP/1.1" 404 307
0:0:0:0:0:0:0:1 - - [23/May/2018:16:46:32 +0200] "GET /login HTTP/1.1" 404 307
0:0:0:0:0:0:0:1 - - [23/May/2018:16:48:00 +0200] "GET /personne/1 HTTP/1.1" 200 218
0:0:0:0:0:0:0:1 - - [23/May/2018:16:48:14 +0200] "GET /login HTTP/1.1" 404 307
0:0:0:0:0:0:0:1 - - [23/May/2018:16:48:14 +0200] "GET /login HTTP/1.1" 404 307
